Determining if the include file pthread.h exists passed with the following output:
Change Dir: /home/efthamar/CLionProjects/error-correction-codes/gr-a3sat/CMakeFiles/CMakeTmp

Run Build Command(s):/usr/bin/make cmTC_4a0fe/fast && /usr/bin/make -f CMakeFiles/cmTC_4a0fe.dir/build.make CMakeFiles/cmTC_4a0fe.dir/build
make[1]: Entering directory '/home/efthamar/CLionProjects/error-correction-codes/gr-a3sat/CMakeFiles/CMakeTmp'
Building C object CMakeFiles/cmTC_4a0fe.dir/CheckIncludeFile.c.o
/usr/bin/cc   -std=gnu11 -o CMakeFiles/cmTC_4a0fe.dir/CheckIncludeFile.c.o   -c /home/efthamar/CLionProjects/error-correction-codes/gr-a3sat/CMakeFiles/CMakeTmp/CheckIncludeFile.c
Linking C executable cmTC_4a0fe
/usr/bin/cmake -E cmake_link_script CMakeFiles/cmTC_4a0fe.dir/link.txt --verbose=1
/usr/bin/cc      CMakeFiles/cmTC_4a0fe.dir/CheckIncludeFile.c.o  -o cmTC_4a0fe 
make[1]: Leaving directory '/home/efthamar/CLionProjects/error-correction-codes/gr-a3sat/CMakeFiles/CMakeTmp'



Determining if the function pthread_create exists in the pthread passed with the following output:
Change Dir: /home/efthamar/CLionProjects/error-correction-codes/gr-a3sat/CMakeFiles/CMakeTmp

Run Build Command(s):/usr/bin/make cmTC_2dd49/fast && /usr/bin/make -f CMakeFiles/cmTC_2dd49.dir/build.make CMakeFiles/cmTC_2dd49.dir/build
make[1]: Entering directory '/home/efthamar/CLionProjects/error-correction-codes/gr-a3sat/CMakeFiles/CMakeTmp'
Building C object CMakeFiles/cmTC_2dd49.dir/CheckFunctionExists.c.o
/usr/bin/cc   -DCHECK_FUNCTION_EXISTS=pthread_create   -std=gnu11 -o CMakeFiles/cmTC_2dd49.dir/CheckFunctionExists.c.o   -c /usr/share/cmake-3.16/Modules/CheckFunctionExists.c
Linking C executable cmTC_2dd49
/usr/bin/cmake -E cmake_link_script CMakeFiles/cmTC_2dd49.dir/link.txt --verbose=1
/usr/bin/cc  -DCHECK_FUNCTION_EXISTS=pthread_create    CMakeFiles/cmTC_2dd49.dir/CheckFunctionExists.c.o  -o cmTC_2dd49  -lpthread 
make[1]: Leaving directory '/home/efthamar/CLionProjects/error-correction-codes/gr-a3sat/CMakeFiles/CMakeTmp'



